{
    "changed": false,
    "deprecations": [
        {
            "msg": "Param 'transport' is deprecated. See the module docs for more information",
            "version": 2.9
        }
    ],
    "failed": false,
    "stdout": [
        "sysname NN-ACCESS-SW81",
        "Local Intf    Neighbor Dev             Neighbor Intf             Exptime(s)\nGE0/0/25      -                        1041                      104    \nGE0/0/28      NN-ACCESS-SW82           GE0/0/28                  115    \nXGE0/0/1      NN-6720-SW83-NETCONF     XGE0/0/3                  93     \nXGE0/0/2      NN-ACCESS-SW82           XGE0/0/2                  113"
    ],
    "stdout_lines": [
        [
            "sysname NN-ACCESS-SW81"
        ],
        [
            "Local Intf    Neighbor Dev             Neighbor Intf             Exptime(s)",
            "GE0/0/25      -                        1041                      104    ",
            "GE0/0/28      NN-ACCESS-SW82           GE0/0/28                  115    ",
            "XGE0/0/1      NN-6720-SW83-NETCONF     XGE0/0/3                  93     ",
            "XGE0/0/2      NN-ACCESS-SW82           XGE0/0/2                  113"
        ]
    ]
}
{
    "changed": false,
    "deprecations": [
        {
            "msg": "Param 'transport' is deprecated. See the module docs for more information",
            "version": 2.9
        }
    ],
    "failed": false,
    "stdout": [
        "sysname NN-ACCESS-SW82",
        "Local Intf    Neighbor Dev             Neighbor Intf             Exptime(s)\nGE0/0/25      -                        1042                      94     \nGE0/0/28      NN-ACCESS-SW81           GE0/0/28                  118    \nXGE0/0/1      NN-DIST-SW84             XGE0/0/3                  95     \nXGE0/0/2      NN-ACCESS-SW81           XGE0/0/2                  116"
    ],
    "stdout_lines": [
        [
            "sysname NN-ACCESS-SW82"
        ],
        [
            "Local Intf    Neighbor Dev             Neighbor Intf             Exptime(s)",
            "GE0/0/25      -                        1042                      94     ",
            "GE0/0/28      NN-ACCESS-SW81           GE0/0/28                  118    ",
            "XGE0/0/1      NN-DIST-SW84             XGE0/0/3                  95     ",
            "XGE0/0/2      NN-ACCESS-SW81           XGE0/0/2                  116"
        ]
    ]
}
