{
    "changed": false,
    "deprecations": [
        {
            "msg": "Param 'transport' is deprecated. See the module docs for more information",
            "version": 2.9
        }
    ],
    "failed": false,
    "stdout": [
        "sysname NN-ACCESS-SW82",
        "Local Intf    Neighbor Dev             Neighbor Intf             Exptime(s)\nGE0/0/25      -                        1042                      100    \nGE0/0/28      NN-ACCESS-SW81           GE0/0/28                  94     \nXGE0/0/1      NN-DIST-SW84             XGE0/0/3                  101    \nXGE0/0/2      NN-ACCESS-SW81           XGE0/0/2                  92"
    ],
    "stdout_lines": [
        [
            "sysname NN-ACCESS-SW82"
        ],
        [
            "Local Intf    Neighbor Dev             Neighbor Intf             Exptime(s)",
            "GE0/0/25      -                        1042                      100    ",
            "GE0/0/28      NN-ACCESS-SW81           GE0/0/28                  94     ",
            "XGE0/0/1      NN-DIST-SW84             XGE0/0/3                  101    ",
            "XGE0/0/2      NN-ACCESS-SW81           XGE0/0/2                  92"
        ]
    ]
}