{
    "ansible_facts": {
        "discovered_interpreter_python": "/usr/bin/python"
    },
    "changed": false,
    "deprecations": [
        {
            "msg": "Param 'transport' is deprecated. See the module docs for more information",
            "version": 2.9
        },
        {
            "msg": "Distribution Ubuntu 16.04 on host S5720-EI-81 should use /usr/bin/python3, but is using /usr/bin/python for backward compatibility with prior Ansible releases. A future Ansible release will default to using the discovered platform python for this host. See https://docs.ansible.com/ansible/2.8/reference_appendices/interpreter_discovery.html for more information",
            "version": "2.12"
        }
    ],
    "failed": false,
    "stdout": [
        "!Software Version V200R009C00SPC200\n#\nsysname NN-ACCESS-SW81\n#\nFTP server enable\n#\nvcmp role transparent\n#\nvlan batch 10 600 699 2111\n#\nloopback-detect auto disable\n#\nmulticast routing-enable\n#\nauthentication-profile name default_authen_profile\nauthentication-profile name dot1x_authen_profile\nauthentication-profile name mac_authen_profile\nauthentication-profile name portal_authen_profile\nauthentication-profile name dot1xmac_authen_profile\nauthentication-profile name multi_authen_profile\n#\nigmp-snooping enable\n#\ntelnet server enable\n#\nlldp enable\n#\nclock timezone Europe/Oslo add 01:00:00\n#\nclock daylight-saving-time Europe/Oslo repeating 02:00 last Sun Mar 03:00 last Sun Oct 01:00 2000 2099\n#\ndhcp enable\n#\ndhcp snooping enable\n#\ndiffserv domain default\n#\nip vpn-instance _management_\n ipv4-family\n  route-distinguisher 666:666\n#\nip vpn-instance dhcp_client\n ipv4-family\n  route-distinguisher 10:10\n#\nradius-server template default\n#\nacl number 2000  \n rule 10 permit source 1.1.1.1 0 \n rule 20 permit source 2.2.2.2 0 \n rule 30 permit source 3.3.3.3 0 \n rule 40 permit source 4.4.4.4 0 \n rule 50 permit source 5.5.5.5 0 \nacl number 2001  \n rule 10 permit source 1.1.1.1 0 \n rule 20 permit source 2.2.2.2 0 \n rule 30 permit source 3.3.3.3 0 \n rule 40 permit source 4.4.4.4 0 \n#\nfree-rule-template name default_free_rule\n#\nportal-access-profile name portal_access_profile\n#\ndrop-profile default\n#\nvlan 699\n igmp-snooping enable\n#\naaa\n authentication-scheme default\n authentication-scheme radius\n  authentication-mode radius\n authorization-scheme default\n accounting-scheme default\n domain default\n  authentication-scheme default\n domain default_admin\n  authentication-scheme default\n local-user admin password irreversible-cipher %^%#K\"::'KgF;':3mp>a5njI,PbHX}MIg~a~{.1!H/)F7plqY\"JLW/\\9us=RSdJ1%^%#\n local-user admin service-type http\n local-user ansible password irreversible-cipher %^%#eD%`CZeon7!39ZSP{Es>.qUuKsMd-2K$BL6<cLARAv8o$n)Z+~b~%w+^t%;~%^%#\n local-user ansible privilege level 15\n local-user ansible service-type ssh\n local-user adminadmin password irreversible-cipher %^%#EyHWGaC3u/N'GvHabCR<[DgP#$o-64(=,NP8jGbY~RD800`C}!-4sD6V5z:<%^%#\n local-user adminadmin privilege level 15\n local-user adminadmin ftp-directory flash:\n local-user adminadmin service-type telnet terminal ssh ftp\n#\nntp-service ipv6 server disable\nntp-service unicast-peer 10.14.10.1 vpn-instance _management_ source-interface GigabitEthernet0/0/25\n#\ninterface Vlanif1\n#\ninterface Vlanif10\n ip binding vpn-instance dhcp_client\n ip address dhcp-alloc\n#\ninterface Vlanif600\n description access management\n ip address 172.16.2.11 255.255.255.0\n#\ninterface MEth0/0/1\n ip address 10.14.10.81 255.255.255.0\n#\ninterface GigabitEthernet0/0/1\n description loop to g0/0/27 - this is access-port side\n port link-type hybrid\n qinq vlan-translation enable\n port hybrid untagged vlan 2111\n port vlan-stacking untagged stack-vlan 2111 stack-inner-vlan 1101\n loopback-detect recovery-time 120\n loopback-detect enable\n stp disable\n undo lldp enable\n port-isolate enable group 1\n dhcp option82 insert enable\n dhcp option82 circuit-id format user-defined \"Gig0/0/1\"\n dhcp option82 remote-id format user-defined \"S5720-EI-1\"\n#\ninterface GigabitEthernet0/0/2\n description loop to g0/0/27 - this is access-port side\n port link-type hybrid\n qinq vlan-translation enable\n port hybrid untagged vlan 2111\n port vlan-stacking untagged stack-vlan 2111 stack-inner-vlan 1102\n loopback-detect recovery-time 120\n loopback-detect enable\n stp disable\n undo lldp enable\n port-isolate enable group 1\n dhcp option82 insert enable\n dhcp option82 circuit-id format user-defined \"Gig0/0/2\"\n dhcp option82 remote-id format user-defined \"S5720-EI-1\"\n#\ninterface GigabitEthernet0/0/3\n description loop to g0/0/27 - this is access-port side\n port link-type hybrid\n qinq vlan-translation enable\n port hybrid untagged vlan 2111\n port vlan-stacking untagged stack-vlan 2111 stack-inner-vlan 1103\n loopback-detect recovery-time 120\n loopback-detect enable\n stp disable\n undo lldp enable\n port-isolate enable group 1\n dhcp option82 insert enable\n dhcp option82 circuit-id format user-defined \"Gig0/0/3\"\n dhcp option82 remote-id format user-defined \"S5720-EI-1\"\n#\ninterface GigabitEthernet0/0/4\n description loop to g0/0/27 - this is access-port side\n port link-type hybrid\n qinq vlan-translation enable\n port hybrid untagged vlan 2111\n port vlan-stacking untagged stack-vlan 2111 stack-inner-vlan 1104\n loopback-detect recovery-time 120\n loopback-detect enable\n stp disable\n undo lldp enable\n port-isolate enable group 1\n dhcp option82 insert enable\n dhcp option82 circuit-id format user-defined \"Gig0/0/4\"\n dhcp option82 remote-id format user-defined \"S5720-EI-1\"\n#\ninterface GigabitEthernet0/0/5\n undo portswitch\n#\ninterface GigabitEthernet0/0/5.10\n#\ninterface GigabitEthernet0/0/6\n#\ninterface GigabitEthernet0/0/7\n#\ninterface GigabitEthernet0/0/8\n#\ninterface GigabitEthernet0/0/9\n#\ninterface GigabitEthernet0/0/10\n#\ninterface GigabitEthernet0/0/11\n#\ninterface GigabitEthernet0/0/12\n#\ninterface GigabitEthernet0/0/13\n#\ninterface GigabitEthernet0/0/14\n#\ninterface GigabitEthernet0/0/15\n#\ninterface GigabitEthernet0/0/16\n#\ninterface GigabitEthernet0/0/17\n#\ninterface GigabitEthernet0/0/18\n#\ninterface GigabitEthernet0/0/19\n#\ninterface GigabitEthernet0/0/20\n#\ninterface GigabitEthernet0/0/21\n description loop to g0/0/27 - this is access-port side\n port link-type hybrid\n qinq vlan-translation enable\n port hybrid untagged vlan 2111\n port vlan-stacking untagged stack-vlan 2111 stack-inner-vlan 1101\n loopback-detect recovery-time 120\n loopback-detect enable\n stp disable\n undo lldp enable\n port-isolate enable group 1\n dhcp option82 insert enable\n dhcp option82 circuit-id format user-defined \"Gig0/0/1\"\n dhcp option82 remote-id format user-defined \"S5720-EI-1\"\n#\ninterface GigabitEthernet0/0/22\n#\ninterface GigabitEthernet0/0/23\n#\ninterface GigabitEthernet0/0/24\n#\ninterface GigabitEthernet0/0/25\n undo portswitch\n description no-osl-lab-sw-54; 1/41; Management\n ip binding vpn-instance _management_\n ip address 10.14.10.81 255.255.255.0\n#\ninterface GigabitEthernet0/0/26\n description loop to g0/0/27 - this is access-port side\n port link-type hybrid\n qinq vlan-translation enable\n port hybrid untagged vlan 2111\n port vlan-stacking untagged stack-vlan 2111 stack-inner-vlan 1126\n loopback-detect recovery-time 120\n loopback-detect enable\n stp disable\n undo lldp enable\n port-isolate enable group 1\n dhcp option82 insert enable\n dhcp option82 circuit-id format user-defined \"Gig0/0/26\"\n dhcp option82 remote-id format user-defined \"S5720-EI-1\"\n#\ninterface GigabitEthernet0/0/27\n description loop to g0/0/26 - this is DHCP Client side\n port link-type access\n port default vlan 10\n#\ninterface GigabitEthernet0/0/28\n#\ninterface XGigabitEthernet0/0/1\n description S6720-26Q-EI; Xg0/0/3\n port link-type trunk\n port trunk pvid vlan 600\n port trunk allow-pass vlan 699 2111\n#\ninterface XGigabitEthernet0/0/2\n#\ninterface XGigabitEthernet0/0/3\n#\ninterface XGigabitEthernet0/0/4\n#\ninterface NULL0\n#\nip route-static 0.0.0.0 0.0.0.0 172.16.2.1 description management\nip route-static vpn-instance _management_ 0.0.0.0 0.0.0.0 10.14.10.1\n#\nsnmp-agent\nsnmp-agent local-engineid 800007DB03C0BFC0A9E350\nsnmp-agent community read cipher %^%#.x_#@otnm1gRiQ<BKYXHn\"f5SC=Jv6|z(e&kj8o&52o9SH{RT9F:yy(&]*}L;|XW6L+j@1Ud$DFKedB0%^%#\nsnmp-agent community complexity-check disable\nsnmp-agent sys-info contact admin@netnordic.com\nsnmp-agent sys-info location LAB_VV2B\nsnmp-agent sys-info version v2c\nundo snmp-agent sys-info version v3\n#\nstelnet server enable\nssh user adminadmin\nssh user adminadmin authentication-type all\nssh user adminadmin service-type all\nssh user ansible\nssh user ansible authentication-type all\nssh user ansible service-type all\nssh client first-time enable\n#\nuser-interface con 0\n idle-timeout 60 0\nuser-interface vty 0 4\n authentication-mode aaa\n idle-timeout 60 0\n protocol inbound all\nuser-interface vty 16 20\n#\ndot1x-access-profile name dot1x_access_profile\n#\nmac-access-profile name mac_access_profile\n#\nreturn"
    ],
    "stdout_lines": [
        [
            "!Software Version V200R009C00SPC200",
            "#",
            "sysname NN-ACCESS-SW81",
            "#",
            "FTP server enable",
            "#",
            "vcmp role transparent",
            "#",
            "vlan batch 10 600 699 2111",
            "#",
            "loopback-detect auto disable",
            "#",
            "multicast routing-enable",
            "#",
            "authentication-profile name default_authen_profile",
            "authentication-profile name dot1x_authen_profile",
            "authentication-profile name mac_authen_profile",
            "authentication-profile name portal_authen_profile",
            "authentication-profile name dot1xmac_authen_profile",
            "authentication-profile name multi_authen_profile",
            "#",
            "igmp-snooping enable",
            "#",
            "telnet server enable",
            "#",
            "lldp enable",
            "#",
            "clock timezone Europe/Oslo add 01:00:00",
            "#",
            "clock daylight-saving-time Europe/Oslo repeating 02:00 last Sun Mar 03:00 last Sun Oct 01:00 2000 2099",
            "#",
            "dhcp enable",
            "#",
            "dhcp snooping enable",
            "#",
            "diffserv domain default",
            "#",
            "ip vpn-instance _management_",
            " ipv4-family",
            "  route-distinguisher 666:666",
            "#",
            "ip vpn-instance dhcp_client",
            " ipv4-family",
            "  route-distinguisher 10:10",
            "#",
            "radius-server template default",
            "#",
            "acl number 2000  ",
            " rule 10 permit source 1.1.1.1 0 ",
            " rule 20 permit source 2.2.2.2 0 ",
            " rule 30 permit source 3.3.3.3 0 ",
            " rule 40 permit source 4.4.4.4 0 ",
            " rule 50 permit source 5.5.5.5 0 ",
            "acl number 2001  ",
            " rule 10 permit source 1.1.1.1 0 ",
            " rule 20 permit source 2.2.2.2 0 ",
            " rule 30 permit source 3.3.3.3 0 ",
            " rule 40 permit source 4.4.4.4 0 ",
            "#",
            "free-rule-template name default_free_rule",
            "#",
            "portal-access-profile name portal_access_profile",
            "#",
            "drop-profile default",
            "#",
            "vlan 699",
            " igmp-snooping enable",
            "#",
            "aaa",
            " authentication-scheme default",
            " authentication-scheme radius",
            "  authentication-mode radius",
            " authorization-scheme default",
            " accounting-scheme default",
            " domain default",
            "  authentication-scheme default",
            " domain default_admin",
            "  authentication-scheme default",
            " local-user admin password irreversible-cipher %^%#K\"::'KgF;':3mp>a5njI,PbHX}MIg~a~{.1!H/)F7plqY\"JLW/\\9us=RSdJ1%^%#",
            " local-user admin service-type http",
            " local-user ansible password irreversible-cipher %^%#eD%`CZeon7!39ZSP{Es>.qUuKsMd-2K$BL6<cLARAv8o$n)Z+~b~%w+^t%;~%^%#",
            " local-user ansible privilege level 15",
            " local-user ansible service-type ssh",
            " local-user adminadmin password irreversible-cipher %^%#EyHWGaC3u/N'GvHabCR<[DgP#$o-64(=,NP8jGbY~RD800`C}!-4sD6V5z:<%^%#",
            " local-user adminadmin privilege level 15",
            " local-user adminadmin ftp-directory flash:",
            " local-user adminadmin service-type telnet terminal ssh ftp",
            "#",
            "ntp-service ipv6 server disable",
            "ntp-service unicast-peer 10.14.10.1 vpn-instance _management_ source-interface GigabitEthernet0/0/25",
            "#",
            "interface Vlanif1",
            "#",
            "interface Vlanif10",
            " ip binding vpn-instance dhcp_client",
            " ip address dhcp-alloc",
            "#",
            "interface Vlanif600",
            " description access management",
            " ip address 172.16.2.11 255.255.255.0",
            "#",
            "interface MEth0/0/1",
            " ip address 10.14.10.81 255.255.255.0",
            "#",
            "interface GigabitEthernet0/0/1",
            " description loop to g0/0/27 - this is access-port side",
            " port link-type hybrid",
            " qinq vlan-translation enable",
            " port hybrid untagged vlan 2111",
            " port vlan-stacking untagged stack-vlan 2111 stack-inner-vlan 1101",
            " loopback-detect recovery-time 120",
            " loopback-detect enable",
            " stp disable",
            " undo lldp enable",
            " port-isolate enable group 1",
            " dhcp option82 insert enable",
            " dhcp option82 circuit-id format user-defined \"Gig0/0/1\"",
            " dhcp option82 remote-id format user-defined \"S5720-EI-1\"",
            "#",
            "interface GigabitEthernet0/0/2",
            " description loop to g0/0/27 - this is access-port side",
            " port link-type hybrid",
            " qinq vlan-translation enable",
            " port hybrid untagged vlan 2111",
            " port vlan-stacking untagged stack-vlan 2111 stack-inner-vlan 1102",
            " loopback-detect recovery-time 120",
            " loopback-detect enable",
            " stp disable",
            " undo lldp enable",
            " port-isolate enable group 1",
            " dhcp option82 insert enable",
            " dhcp option82 circuit-id format user-defined \"Gig0/0/2\"",
            " dhcp option82 remote-id format user-defined \"S5720-EI-1\"",
            "#",
            "interface GigabitEthernet0/0/3",
            " description loop to g0/0/27 - this is access-port side",
            " port link-type hybrid",
            " qinq vlan-translation enable",
            " port hybrid untagged vlan 2111",
            " port vlan-stacking untagged stack-vlan 2111 stack-inner-vlan 1103",
            " loopback-detect recovery-time 120",
            " loopback-detect enable",
            " stp disable",
            " undo lldp enable",
            " port-isolate enable group 1",
            " dhcp option82 insert enable",
            " dhcp option82 circuit-id format user-defined \"Gig0/0/3\"",
            " dhcp option82 remote-id format user-defined \"S5720-EI-1\"",
            "#",
            "interface GigabitEthernet0/0/4",
            " description loop to g0/0/27 - this is access-port side",
            " port link-type hybrid",
            " qinq vlan-translation enable",
            " port hybrid untagged vlan 2111",
            " port vlan-stacking untagged stack-vlan 2111 stack-inner-vlan 1104",
            " loopback-detect recovery-time 120",
            " loopback-detect enable",
            " stp disable",
            " undo lldp enable",
            " port-isolate enable group 1",
            " dhcp option82 insert enable",
            " dhcp option82 circuit-id format user-defined \"Gig0/0/4\"",
            " dhcp option82 remote-id format user-defined \"S5720-EI-1\"",
            "#",
            "interface GigabitEthernet0/0/5",
            " undo portswitch",
            "#",
            "interface GigabitEthernet0/0/5.10",
            "#",
            "interface GigabitEthernet0/0/6",
            "#",
            "interface GigabitEthernet0/0/7",
            "#",
            "interface GigabitEthernet0/0/8",
            "#",
            "interface GigabitEthernet0/0/9",
            "#",
            "interface GigabitEthernet0/0/10",
            "#",
            "interface GigabitEthernet0/0/11",
            "#",
            "interface GigabitEthernet0/0/12",
            "#",
            "interface GigabitEthernet0/0/13",
            "#",
            "interface GigabitEthernet0/0/14",
            "#",
            "interface GigabitEthernet0/0/15",
            "#",
            "interface GigabitEthernet0/0/16",
            "#",
            "interface GigabitEthernet0/0/17",
            "#",
            "interface GigabitEthernet0/0/18",
            "#",
            "interface GigabitEthernet0/0/19",
            "#",
            "interface GigabitEthernet0/0/20",
            "#",
            "interface GigabitEthernet0/0/21",
            " description loop to g0/0/27 - this is access-port side",
            " port link-type hybrid",
            " qinq vlan-translation enable",
            " port hybrid untagged vlan 2111",
            " port vlan-stacking untagged stack-vlan 2111 stack-inner-vlan 1101",
            " loopback-detect recovery-time 120",
            " loopback-detect enable",
            " stp disable",
            " undo lldp enable",
            " port-isolate enable group 1",
            " dhcp option82 insert enable",
            " dhcp option82 circuit-id format user-defined \"Gig0/0/1\"",
            " dhcp option82 remote-id format user-defined \"S5720-EI-1\"",
            "#",
            "interface GigabitEthernet0/0/22",
            "#",
            "interface GigabitEthernet0/0/23",
            "#",
            "interface GigabitEthernet0/0/24",
            "#",
            "interface GigabitEthernet0/0/25",
            " undo portswitch",
            " description no-osl-lab-sw-54; 1/41; Management",
            " ip binding vpn-instance _management_",
            " ip address 10.14.10.81 255.255.255.0",
            "#",
            "interface GigabitEthernet0/0/26",
            " description loop to g0/0/27 - this is access-port side",
            " port link-type hybrid",
            " qinq vlan-translation enable",
            " port hybrid untagged vlan 2111",
            " port vlan-stacking untagged stack-vlan 2111 stack-inner-vlan 1126",
            " loopback-detect recovery-time 120",
            " loopback-detect enable",
            " stp disable",
            " undo lldp enable",
            " port-isolate enable group 1",
            " dhcp option82 insert enable",
            " dhcp option82 circuit-id format user-defined \"Gig0/0/26\"",
            " dhcp option82 remote-id format user-defined \"S5720-EI-1\"",
            "#",
            "interface GigabitEthernet0/0/27",
            " description loop to g0/0/26 - this is DHCP Client side",
            " port link-type access",
            " port default vlan 10",
            "#",
            "interface GigabitEthernet0/0/28",
            "#",
            "interface XGigabitEthernet0/0/1",
            " description S6720-26Q-EI; Xg0/0/3",
            " port link-type trunk",
            " port trunk pvid vlan 600",
            " port trunk allow-pass vlan 699 2111",
            "#",
            "interface XGigabitEthernet0/0/2",
            "#",
            "interface XGigabitEthernet0/0/3",
            "#",
            "interface XGigabitEthernet0/0/4",
            "#",
            "interface NULL0",
            "#",
            "ip route-static 0.0.0.0 0.0.0.0 172.16.2.1 description management",
            "ip route-static vpn-instance _management_ 0.0.0.0 0.0.0.0 10.14.10.1",
            "#",
            "snmp-agent",
            "snmp-agent local-engineid 800007DB03C0BFC0A9E350",
            "snmp-agent community read cipher %^%#.x_#@otnm1gRiQ<BKYXHn\"f5SC=Jv6|z(e&kj8o&52o9SH{RT9F:yy(&]*}L;|XW6L+j@1Ud$DFKedB0%^%#",
            "snmp-agent community complexity-check disable",
            "snmp-agent sys-info contact admin@netnordic.com",
            "snmp-agent sys-info location LAB_VV2B",
            "snmp-agent sys-info version v2c",
            "undo snmp-agent sys-info version v3",
            "#",
            "stelnet server enable",
            "ssh user adminadmin",
            "ssh user adminadmin authentication-type all",
            "ssh user adminadmin service-type all",
            "ssh user ansible",
            "ssh user ansible authentication-type all",
            "ssh user ansible service-type all",
            "ssh client first-time enable",
            "#",
            "user-interface con 0",
            " idle-timeout 60 0",
            "user-interface vty 0 4",
            " authentication-mode aaa",
            " idle-timeout 60 0",
            " protocol inbound all",
            "user-interface vty 16 20",
            "#",
            "dot1x-access-profile name dot1x_access_profile",
            "#",
            "mac-access-profile name mac_access_profile",
            "#",
            "return"
        ]
    ]
}