{
    "changed": false, 
    "deprecations": [
        {
            "msg": "Param 'transport' is deprecated. See the module docs for more information", 
            "version": 2.9
        }
    ], 
    "failed": false, 
    "stdout": [
        "sysname SK-SW3-ACCESS-24", 
        "Local Intf    Neighbor Dev             Neighbor Intf             Exptime(s)\nGE0/0/16      -                        54e1-ad6d-2dfd            3002   \nGE0/0/19      SK-AP-19                 GE0/0/0                   99     \nGE0/0/23      SK-AP-04                 GE0/0/0                   98     \nGE0/0/24      SK-AP-05                 GE0/0/0                   90     \nXGE0/0/1      SK-SW1-DIST-24           XGE0/0/16                 116"
    ], 
    "stdout_lines": [
        [
            "sysname SK-SW3-ACCESS-24"
        ], 
        [
            "Local Intf    Neighbor Dev             Neighbor Intf             Exptime(s)", 
            "GE0/0/16      -                        54e1-ad6d-2dfd            3002   ", 
            "GE0/0/19      SK-AP-19                 GE0/0/0                   99     ", 
            "GE0/0/23      SK-AP-04                 GE0/0/0                   98     ", 
            "GE0/0/24      SK-AP-05                 GE0/0/0                   90     ", 
            "XGE0/0/1      SK-SW1-DIST-24           XGE0/0/16                 116"
        ]
    ]
}
{
    "changed": false, 
    "deprecations": [
        {
            "msg": "Param 'transport' is deprecated. See the module docs for more information", 
            "version": 2.9
        }
    ], 
    "failed": false, 
    "stdout": [
        "sysname SK-SW2-ACCESS-24", 
        "Local Intf    Neighbor Dev             Neighbor Intf             Exptime(s)\nGE0/0/1       SK-AP-65                 GE0/0/0                   119    \nGE0/0/2       SK-AP-17                 GE0/0/0                   116    \nXGE0/0/1      SK-SW1-DIST-24           XGE0/0/14                 116"
    ], 
    "stdout_lines": [
        [
            "sysname SK-SW2-ACCESS-24"
        ], 
        [
            "Local Intf    Neighbor Dev             Neighbor Intf             Exptime(s)", 
            "GE0/0/1       SK-AP-65                 GE0/0/0                   119    ", 
            "GE0/0/2       SK-AP-17                 GE0/0/0                   116    ", 
            "XGE0/0/1      SK-SW1-DIST-24           XGE0/0/14                 116"
        ]
    ]
}
{
    "changed": false, 
    "deprecations": [
        {
            "msg": "Param 'transport' is deprecated. See the module docs for more information", 
            "version": 2.9
        }
    ], 
    "failed": false, 
    "stdout": [
        "sysname SK-SW4-ACCESS-24", 
        "Local Intf    Neighbor Dev             Neighbor Intf             Exptime(s)\nGE0/0/1       SK-AP-47                 GE0/0/0                   107    \nGE0/0/2       SK-AP-03                 GE0/0/0                   104    \nGE0/0/4       -                        507b-9da4-d5de            2844   \nGE0/0/6       -                        54ee-7528-86b3            3421   \nGE0/0/7       -                        54ee-752d-0ece            3089   \nGE0/0/8       -                        28d2-4480-8e94            3141   \nGE0/0/9       -                        3c97-0e99-e5ad            3340   \nGE0/0/10      -                        54ee-752d-b140            3493   \nGE0/0/11      -                        3c97-0e99-e59b            3491   \nGE0/0/12      -                        3c97-0ea1-6480            2768   \nGE0/0/13      -                        54ee-752d-0ecd            3387   \nXGE0/0/1      SK-SW1-DIST-24           XGE0/0/18                 97"
    ], 
    "stdout_lines": [
        [
            "sysname SK-SW4-ACCESS-24"
        ], 
        [
            "Local Intf    Neighbor Dev             Neighbor Intf             Exptime(s)", 
            "GE0/0/1       SK-AP-47                 GE0/0/0                   107    ", 
            "GE0/0/2       SK-AP-03                 GE0/0/0                   104    ", 
            "GE0/0/4       -                        507b-9da4-d5de            2844   ", 
            "GE0/0/6       -                        54ee-7528-86b3            3421   ", 
            "GE0/0/7       -                        54ee-752d-0ece            3089   ", 
            "GE0/0/8       -                        28d2-4480-8e94            3141   ", 
            "GE0/0/9       -                        3c97-0e99-e5ad            3340   ", 
            "GE0/0/10      -                        54ee-752d-b140            3493   ", 
            "GE0/0/11      -                        3c97-0e99-e59b            3491   ", 
            "GE0/0/12      -                        3c97-0ea1-6480            2768   ", 
            "GE0/0/13      -                        54ee-752d-0ecd            3387   ", 
            "XGE0/0/1      SK-SW1-DIST-24           XGE0/0/18                 97"
        ]
    ]
}
{
    "failed": true, 
    "msg": "timed out"
}
{
    "failed": true, 
    "msg": "timed out"
}
{
    "changed": false, 
    "deprecations": [
        {
            "msg": "Param 'transport' is deprecated. See the module docs for more information", 
            "version": 2.9
        }
    ], 
    "failed": false, 
    "stdout": [
        "sysname SK-SW8-ACCESS-24", 
        "Local Intf    Neighbor Dev             Neighbor Intf             Exptime(s)\nGE0/0/23      SK-AP-28                 GE0/0/0                   92     \nGE0/0/24      SK-AP-30                 GE0/0/0                   105    \nXGE0/0/1      SK-SW20-ACCESS-48        XGE0/0/3                  100"
    ], 
    "stdout_lines": [
        [
            "sysname SK-SW8-ACCESS-24"
        ], 
        [
            "Local Intf    Neighbor Dev             Neighbor Intf             Exptime(s)", 
            "GE0/0/23      SK-AP-28                 GE0/0/0                   92     ", 
            "GE0/0/24      SK-AP-30                 GE0/0/0                   105    ", 
            "XGE0/0/1      SK-SW20-ACCESS-48        XGE0/0/3                  100"
        ]
    ]
}
{
    "changed": false, 
    "deprecations": [
        {
            "msg": "Param 'transport' is deprecated. See the module docs for more information", 
            "version": 2.9
        }
    ], 
    "failed": false, 
    "stdout": [
        "sysname SK-SW7-ACCESS-24", 
        "Local Intf    Neighbor Dev             Neighbor Intf             Exptime(s)\nGE0/0/1       SK-AP-20                 GE0/0/0                   110    \nGE0/0/2       SK-AP-25                 GE0/0/0                   103    \nGE0/0/3       SK-AP-26                 GE0/0/0                   97     \nGE0/0/4       SK-AP-24                 GE0/0/0                   105    \nXGE0/0/1      SK-SW20-ACCESS-48        XGE0/0/2                  91"
    ], 
    "stdout_lines": [
        [
            "sysname SK-SW7-ACCESS-24"
        ], 
        [
            "Local Intf    Neighbor Dev             Neighbor Intf             Exptime(s)", 
            "GE0/0/1       SK-AP-20                 GE0/0/0                   110    ", 
            "GE0/0/2       SK-AP-25                 GE0/0/0                   103    ", 
            "GE0/0/3       SK-AP-26                 GE0/0/0                   97     ", 
            "GE0/0/4       SK-AP-24                 GE0/0/0                   105    ", 
            "XGE0/0/1      SK-SW20-ACCESS-48        XGE0/0/2                  91"
        ]
    ]
}
{
    "changed": false, 
    "deprecations": [
        {
            "msg": "Param 'transport' is deprecated. See the module docs for more information", 
            "version": 2.9
        }
    ], 
    "failed": false, 
    "stdout": [
        "sysname SK-SW9-ACCESS-24", 
        "Local Intf    Neighbor Dev             Neighbor Intf             Exptime(s)\nGE0/0/3       SK-AP-35                 GE0/0/0                   117    \nGE0/0/13      SK-AP-32                 GE0/0/0                   100    \nXGE0/0/1      SK-SW21-ACCESS-48        XGE0/0/2                  109"
    ], 
    "stdout_lines": [
        [
            "sysname SK-SW9-ACCESS-24"
        ], 
        [
            "Local Intf    Neighbor Dev             Neighbor Intf             Exptime(s)", 
            "GE0/0/3       SK-AP-35                 GE0/0/0                   117    ", 
            "GE0/0/13      SK-AP-32                 GE0/0/0                   100    ", 
            "XGE0/0/1      SK-SW21-ACCESS-48        XGE0/0/2                  109"
        ]
    ]
}
{
    "changed": false, 
    "deprecations": [
        {
            "msg": "Param 'transport' is deprecated. See the module docs for more information", 
            "version": 2.9
        }
    ], 
    "failed": false, 
    "stdout": [
        "sysname SK-SW10-ACCESS-24", 
        "Local Intf    Neighbor Dev             Neighbor Intf             Exptime(s)\nGE0/0/19      -                        54ee-7530-56ce            2774   \nXGE0/0/1      SK-SW20-ACCESS-48        XGE0/0/4                  93"
    ], 
    "stdout_lines": [
        [
            "sysname SK-SW10-ACCESS-24"
        ], 
        [
            "Local Intf    Neighbor Dev             Neighbor Intf             Exptime(s)", 
            "GE0/0/19      -                        54ee-7530-56ce            2774   ", 
            "XGE0/0/1      SK-SW20-ACCESS-48        XGE0/0/4                  93"
        ]
    ]
}
{
    "changed": false, 
    "deprecations": [
        {
            "msg": "Param 'transport' is deprecated. See the module docs for more information", 
            "version": 2.9
        }
    ], 
    "failed": false, 
    "stdout": [
        "sysname SK-SW11-ACCESS-24", 
        "Local Intf    Neighbor Dev             Neighbor Intf             Exptime(s)\nGE0/0/1       SK-AP-49                 GE0/0/0                   106    \nGE0/0/2       SK-AP-45                 GE0/0/0                   107    \nGE0/0/3       SK-AP-31                 GE0/0/0                   91     \nGE0/0/4       SK-AP-09                 GE0/0/0                   92     \nXGE0/0/1      SK-SW21-ACCESS-48        XGE0/0/3                  106"
    ], 
    "stdout_lines": [
        [
            "sysname SK-SW11-ACCESS-24"
        ], 
        [
            "Local Intf    Neighbor Dev             Neighbor Intf             Exptime(s)", 
            "GE0/0/1       SK-AP-49                 GE0/0/0                   106    ", 
            "GE0/0/2       SK-AP-45                 GE0/0/0                   107    ", 
            "GE0/0/3       SK-AP-31                 GE0/0/0                   91     ", 
            "GE0/0/4       SK-AP-09                 GE0/0/0                   92     ", 
            "XGE0/0/1      SK-SW21-ACCESS-48        XGE0/0/3                  106"
        ]
    ]
}
{
    "failed": true, 
    "msg": "timed out"
}
{
    "changed": false, 
    "deprecations": [
        {
            "msg": "Param 'transport' is deprecated. See the module docs for more information", 
            "version": 2.9
        }
    ], 
    "failed": false, 
    "stdout": [
        "sysname SK-SW13-ACCESS-24", 
        "Local Intf    Neighbor Dev             Neighbor Intf             Exptime(s)\nGE0/0/9       SK-AP-51                 GE0/0/0                   118    \nGE0/0/10      SK-AP-56                 GE0/0/0                   97     \nGE0/0/11      SK-AP-58                 GE0/0/0                   107    \nGE0/0/12      SK-AP-57                 GE0/0/0                   114    \nGE0/0/13      SK-AP-54                 GE0/0/0                   117    \nGE0/0/14      SK-AP-52                 GE0/0/0                   103    \nGE0/0/15      SK-AP-61                 GE0/0/0                   103    \nGE0/0/16      SK-AP-63                 GE0/0/0                   115    \nGE0/0/17      SK-AP-55                 GE0/0/0                   106    \nXGE0/0/1      SK-SW1-DIST-24           XGE0/0/9                  107"
    ], 
    "stdout_lines": [
        [
            "sysname SK-SW13-ACCESS-24"
        ], 
        [
            "Local Intf    Neighbor Dev             Neighbor Intf             Exptime(s)", 
            "GE0/0/9       SK-AP-51                 GE0/0/0                   118    ", 
            "GE0/0/10      SK-AP-56                 GE0/0/0                   97     ", 
            "GE0/0/11      SK-AP-58                 GE0/0/0                   107    ", 
            "GE0/0/12      SK-AP-57                 GE0/0/0                   114    ", 
            "GE0/0/13      SK-AP-54                 GE0/0/0                   117    ", 
            "GE0/0/14      SK-AP-52                 GE0/0/0                   103    ", 
            "GE0/0/15      SK-AP-61                 GE0/0/0                   103    ", 
            "GE0/0/16      SK-AP-63                 GE0/0/0                   115    ", 
            "GE0/0/17      SK-AP-55                 GE0/0/0                   106    ", 
            "XGE0/0/1      SK-SW1-DIST-24           XGE0/0/9                  107"
        ]
    ]
}
{
    "changed": false, 
    "deprecations": [
        {
            "msg": "Param 'transport' is deprecated. See the module docs for more information", 
            "version": 2.9
        }
    ], 
    "failed": false, 
    "stdout": [
        "sysname SK-SW14-ACCESS-24", 
        "Local Intf    Neighbor Dev             Neighbor Intf             Exptime(s)\nGE0/0/1       SK-AP-14                 GE0/0/0                   100    \nGE0/0/2       SK-AP-29                 GE0/0/0                   110    \nGE0/0/3       SK-AP-60                 GE0/0/0                   102    \nGE0/0/4       SK-AP-62                 GE0/0/0                   91     \nGE0/0/6       SK-AP-59                 GE0/0/0                   97     \nGE0/0/22      -                        54ee-752d-36c9            3189   \nXGE0/0/1      SK-SW1-DIST-24           XGE0/0/10                 103"
    ], 
    "stdout_lines": [
        [
            "sysname SK-SW14-ACCESS-24"
        ], 
        [
            "Local Intf    Neighbor Dev             Neighbor Intf             Exptime(s)", 
            "GE0/0/1       SK-AP-14                 GE0/0/0                   100    ", 
            "GE0/0/2       SK-AP-29                 GE0/0/0                   110    ", 
            "GE0/0/3       SK-AP-60                 GE0/0/0                   102    ", 
            "GE0/0/4       SK-AP-62                 GE0/0/0                   91     ", 
            "GE0/0/6       SK-AP-59                 GE0/0/0                   97     ", 
            "GE0/0/22      -                        54ee-752d-36c9            3189   ", 
            "XGE0/0/1      SK-SW1-DIST-24           XGE0/0/10                 103"
        ]
    ]
}
{
    "changed": false, 
    "deprecations": [
        {
            "msg": "Param 'transport' is deprecated. See the module docs for more information", 
            "version": 2.9
        }
    ], 
    "failed": false, 
    "stdout": [
        "sysname SK-SW15-ACCESS-12", 
        "Local Intf    Neighbor Dev             Neighbor Intf             Exptime(s)\nGE0/0/7       SK-AP-50                 GE0/0/0                   101    \nGE0/0/12      SK-SW21-ACCESS-48        XGE0/0/4                  99"
    ], 
    "stdout_lines": [
        [
            "sysname SK-SW15-ACCESS-12"
        ], 
        [
            "Local Intf    Neighbor Dev             Neighbor Intf             Exptime(s)", 
            "GE0/0/7       SK-AP-50                 GE0/0/0                   101    ", 
            "GE0/0/12      SK-SW21-ACCESS-48        XGE0/0/4                  99"
        ]
    ]
}
{
    "changed": false, 
    "deprecations": [
        {
            "msg": "Param 'transport' is deprecated. See the module docs for more information", 
            "version": 2.9
        }
    ], 
    "failed": false, 
    "stdout": [
        "sysname SK-SW18-ACCESS-12", 
        "Local Intf    Neighbor Dev             Neighbor Intf             Exptime(s)\nGE0/0/1       SK-AP-07                 GE0/0/0                   94     \nGE0/0/2       SK-AP-08                 GE0/0/0                   100    \nGE0/0/11      SK-SW17-ACCESS-12        GE0/0/12                  96     \nGE0/0/12      SK-SW1-DIST-24           XGE0/0/12                 101"
    ], 
    "stdout_lines": [
        [
            "sysname SK-SW18-ACCESS-12"
        ], 
        [
            "Local Intf    Neighbor Dev             Neighbor Intf             Exptime(s)", 
            "GE0/0/1       SK-AP-07                 GE0/0/0                   94     ", 
            "GE0/0/2       SK-AP-08                 GE0/0/0                   100    ", 
            "GE0/0/11      SK-SW17-ACCESS-12        GE0/0/12                  96     ", 
            "GE0/0/12      SK-SW1-DIST-24           XGE0/0/12                 101"
        ]
    ]
}
{
    "changed": false, 
    "deprecations": [
        {
            "msg": "Param 'transport' is deprecated. See the module docs for more information", 
            "version": 2.9
        }
    ], 
    "failed": false, 
    "stdout": [
        "sysname SK-SW16-ACCESS-12", 
        "Local Intf    Neighbor Dev             Neighbor Intf             Exptime(s)\nGE0/0/1       -                        fc4d-d42d-d3cd            3366   \nGE0/0/4       SK-AP-48                 GE0/0/0                   104    \nGE0/0/10      SK-AP-12                 GE0/0/0                   92     \nGE0/0/12      SK-SW1-DIST-24           XGE0/0/17                 98"
    ], 
    "stdout_lines": [
        [
            "sysname SK-SW16-ACCESS-12"
        ], 
        [
            "Local Intf    Neighbor Dev             Neighbor Intf             Exptime(s)", 
            "GE0/0/1       -                        fc4d-d42d-d3cd            3366   ", 
            "GE0/0/4       SK-AP-48                 GE0/0/0                   104    ", 
            "GE0/0/10      SK-AP-12                 GE0/0/0                   92     ", 
            "GE0/0/12      SK-SW1-DIST-24           XGE0/0/17                 98"
        ]
    ]
}
{
    "changed": false, 
    "deprecations": [
        {
            "msg": "Param 'transport' is deprecated. See the module docs for more information", 
            "version": 2.9
        }
    ], 
    "failed": false, 
    "stdout": [
        "sysname SK-SW17-ACCESS-12", 
        "Local Intf    Neighbor Dev             Neighbor Intf             Exptime(s)\nGE0/0/1       SK-AP-06                 GE0/0/0                   109    \nGE0/0/12      SK-SW18-ACCESS-12        GE0/0/11                  97"
    ], 
    "stdout_lines": [
        [
            "sysname SK-SW17-ACCESS-12"
        ], 
        [
            "Local Intf    Neighbor Dev             Neighbor Intf             Exptime(s)", 
            "GE0/0/1       SK-AP-06                 GE0/0/0                   109    ", 
            "GE0/0/12      SK-SW18-ACCESS-12        GE0/0/11                  97"
        ]
    ]
}
{
    "failed": true, 
    "msg": "timed out"
}
{
    "changed": false, 
    "deprecations": [
        {
            "msg": "Param 'transport' is deprecated. See the module docs for more information", 
            "version": 2.9
        }
    ], 
    "failed": false, 
    "stdout": [
        "sysname SK-SW20-ACCESS-48", 
        "Local Intf    Neighbor Dev             Neighbor Intf             Exptime(s)\nGE0/0/1       SK-AP-23                 GE0/0/0                   101    \nGE0/0/3       SK-AP-22                 GE0/0/0                   98     \nGE0/0/13      SK-AP-33                 GE0/0/0                   104    \nGE0/0/33      SK-AP-34                 GE0/0/0                   108    \nGE0/0/38      SK-AP-27                 GE0/0/0                   105    \nGE0/0/39      -                        d43d-7e21-7bd2            2913   \nGE0/0/47      SK-AP-21                 GE0/0/0                   93     \nXGE0/0/1      SK-SW1-DIST-24           XGE0/0/4                  90     \nXGE0/0/2      SK-SW7-ACCESS-24         XGE0/0/1                  101    \nXGE0/0/3      SK-SW8-ACCESS-24         XGE0/0/1                  114    \nXGE0/0/4      SK-SW10-ACCESS-24        XGE0/0/1                  91"
    ], 
    "stdout_lines": [
        [
            "sysname SK-SW20-ACCESS-48"
        ], 
        [
            "Local Intf    Neighbor Dev             Neighbor Intf             Exptime(s)", 
            "GE0/0/1       SK-AP-23                 GE0/0/0                   101    ", 
            "GE0/0/3       SK-AP-22                 GE0/0/0                   98     ", 
            "GE0/0/13      SK-AP-33                 GE0/0/0                   104    ", 
            "GE0/0/33      SK-AP-34                 GE0/0/0                   108    ", 
            "GE0/0/38      SK-AP-27                 GE0/0/0                   105    ", 
            "GE0/0/39      -                        d43d-7e21-7bd2            2913   ", 
            "GE0/0/47      SK-AP-21                 GE0/0/0                   93     ", 
            "XGE0/0/1      SK-SW1-DIST-24           XGE0/0/4                  90     ", 
            "XGE0/0/2      SK-SW7-ACCESS-24         XGE0/0/1                  101    ", 
            "XGE0/0/3      SK-SW8-ACCESS-24         XGE0/0/1                  114    ", 
            "XGE0/0/4      SK-SW10-ACCESS-24        XGE0/0/1                  91"
        ]
    ]
}
{
    "changed": false, 
    "deprecations": [
        {
            "msg": "Param 'transport' is deprecated. See the module docs for more information", 
            "version": 2.9
        }
    ], 
    "failed": false, 
    "stdout": [
        "sysname SK-SW21-ACCESS-48", 
        "Local Intf    Neighbor Dev             Neighbor Intf             Exptime(s)\nXGE0/0/1      SK-SW1-DIST-24           XGE0/0/3                  116    \nXGE0/0/2      SK-SW9-ACCESS-24         XGE0/0/1                  100    \nXGE0/0/3      SK-SW11-ACCESS-24        XGE0/0/1                  97     \nXGE0/0/4      SK-SW15-ACCESS-12        GE0/0/12                  102"
    ], 
    "stdout_lines": [
        [
            "sysname SK-SW21-ACCESS-48"
        ], 
        [
            "Local Intf    Neighbor Dev             Neighbor Intf             Exptime(s)", 
            "XGE0/0/1      SK-SW1-DIST-24           XGE0/0/3                  116    ", 
            "XGE0/0/2      SK-SW9-ACCESS-24         XGE0/0/1                  100    ", 
            "XGE0/0/3      SK-SW11-ACCESS-24        XGE0/0/1                  97     ", 
            "XGE0/0/4      SK-SW15-ACCESS-12        GE0/0/12                  102"
        ]
    ]
}
{
    "failed": true, 
    "msg": "timed out"
}
