{
    "changed": false, 
    "deprecations": [
        {
            "msg": "Param 'transport' is deprecated. See the module docs for more information", 
            "version": 2.9
        }
    ], 
    "failed": false, 
    "stdout": [
        "sysname SK-SW1-DIST-24", 
        "Huawei Versatile Routing Platform Software\nVRP (R) software, Version 5.170 (S6720 V200R010C00SPC600)\nCopyright (C) 2000-2016 HUAWEI TECH CO., LTD\nHUAWEI S6720S-26Q-EI-24S-AC Routing Switch uptime is 8 weeks, 5 days, 0 hour, 42 minutes\n\nES5D2S26Q003 0(Master)  : uptime is 8 weeks, 5 days, 0 hour, 42 minutes\nDDR    Memory Size      : 2048       M bytes\nFLASH  Memory Size      : 446        M bytes\nPcb           Version   : VER.B\nBootROM       Version   : 020a.0001\nBootLoad      Version   : 020a.0001\nCPLD          Version   : 0105 \nSoftware      Version   : VRP (R) Software, Version 5.170 (V200R010C00SPC600)\nPWR1 information\nPcb           Version   : PWR VER.A"
    ], 
    "stdout_lines": [
        [
            "sysname SK-SW1-DIST-24"
        ], 
        [
            "Huawei Versatile Routing Platform Software", 
            "VRP (R) software, Version 5.170 (S6720 V200R010C00SPC600)", 
            "Copyright (C) 2000-2016 HUAWEI TECH CO., LTD", 
            "HUAWEI S6720S-26Q-EI-24S-AC Routing Switch uptime is 8 weeks, 5 days, 0 hour, 42 minutes", 
            "", 
            "ES5D2S26Q003 0(Master)  : uptime is 8 weeks, 5 days, 0 hour, 42 minutes", 
            "DDR    Memory Size      : 2048       M bytes", 
            "FLASH  Memory Size      : 446        M bytes", 
            "Pcb           Version   : VER.B", 
            "BootROM       Version   : 020a.0001", 
            "BootLoad      Version   : 020a.0001", 
            "CPLD          Version   : 0105 ", 
            "Software      Version   : VRP (R) Software, Version 5.170 (V200R010C00SPC600)", 
            "PWR1 information", 
            "Pcb           Version   : PWR VER.A"
        ]
    ]
}