{
    "changed": false, 
    "deprecations": [
        {
            "msg": "Param 'transport' is deprecated. See the module docs for more information", 
            "version": 2.9
        }
    ], 
    "failed": false, 
    "stdout": [
        "sysname SK-SW16-ACCESS-12", 
        "Huawei Versatile Routing Platform Software\nVRP (R) software, Version 5.170 (S5720 V200R010C00SPC600)\nCopyright (C) 2000-2016 HUAWEI TECH CO., LTD\nHUAWEI S5720-12TP-PWR-LI-AC Routing Switch uptime is 7 weeks, 5 days, 18 hours, 14 minutes\n\nES5D2V12S000 0(Master)  : uptime is 7 weeks, 5 days, 18 hours, 14 minutes\nDDR    Memory Size      : 512        M bytes\nFLASH  Memory Size      : 241        M bytes\nPcb           Version   : VER.B\nBootROM       Version   : 020a.0001\nBootLoad      Version   : 020a.0001\nSoftware      Version   : VRP (R) Software, Version 5.170 (V200R010C00SPC600)"
    ], 
    "stdout_lines": [
        [
            "sysname SK-SW16-ACCESS-12"
        ], 
        [
            "Huawei Versatile Routing Platform Software", 
            "VRP (R) software, Version 5.170 (S5720 V200R010C00SPC600)", 
            "Copyright (C) 2000-2016 HUAWEI TECH CO., LTD", 
            "HUAWEI S5720-12TP-PWR-LI-AC Routing Switch uptime is 7 weeks, 5 days, 18 hours, 14 minutes", 
            "", 
            "ES5D2V12S000 0(Master)  : uptime is 7 weeks, 5 days, 18 hours, 14 minutes", 
            "DDR    Memory Size      : 512        M bytes", 
            "FLASH  Memory Size      : 241        M bytes", 
            "Pcb           Version   : VER.B", 
            "BootROM       Version   : 020a.0001", 
            "BootLoad      Version   : 020a.0001", 
            "Software      Version   : VRP (R) Software, Version 5.170 (V200R010C00SPC600)"
        ]
    ]
}