{
    "changed": false, 
    "deprecations": [
        {
            "msg": "Param 'transport' is deprecated. See the module docs for more information", 
            "version": 2.9
        }
    ], 
    "failed": false, 
    "stdout": [
        "sysname SK-SW1-DIST-24", 
        "Huawei Versatile Routing Platform Software\nVRP (R) software, Version 5.170 (S6720 V200R010C00SPC600)\nCopyright (C) 2000-2016 HUAWEI TECH CO., LTD\nHUAWEI S6720S-26Q-EI-24S-AC Routing Switch uptime is 8 weeks, 4 days, 5 hours, 3 minutes\n\nES5D2S26Q003 0(Master)  : uptime is 8 weeks, 4 days, 5 hours, 2 minutes\nDDR    Memory Size      : 2048       M bytes\nFLASH  Memory Size      : 446        M bytes\nPcb           Version   : VER.B\nBootROM       Version   : 020a.0001\nBootLoad      Version   : 020a.0001\nCPLD          Version   : 0105 \nSoftware      Version   : VRP (R) Software, Version 5.170 (V200R010C00SPC600)\nPWR1 information\nPcb           Version   : PWR VER.A"
    ], 
    "stdout_lines": [
        [
            "sysname SK-SW1-DIST-24"
        ], 
        [
            "Huawei Versatile Routing Platform Software", 
            "VRP (R) software, Version 5.170 (S6720 V200R010C00SPC600)", 
            "Copyright (C) 2000-2016 HUAWEI TECH CO., LTD", 
            "HUAWEI S6720S-26Q-EI-24S-AC Routing Switch uptime is 8 weeks, 4 days, 5 hours, 3 minutes", 
            "", 
            "ES5D2S26Q003 0(Master)  : uptime is 8 weeks, 4 days, 5 hours, 2 minutes", 
            "DDR    Memory Size      : 2048       M bytes", 
            "FLASH  Memory Size      : 446        M bytes", 
            "Pcb           Version   : VER.B", 
            "BootROM       Version   : 020a.0001", 
            "BootLoad      Version   : 020a.0001", 
            "CPLD          Version   : 0105 ", 
            "Software      Version   : VRP (R) Software, Version 5.170 (V200R010C00SPC600)", 
            "PWR1 information", 
            "Pcb           Version   : PWR VER.A"
        ]
    ]
}
{
    "changed": false, 
    "deprecations": [
        {
            "msg": "Param 'transport' is deprecated. See the module docs for more information", 
            "version": 2.9
        }
    ], 
    "failed": false, 
    "stdout": [
        "sysname SK-SW2-ACCESS-24", 
        "Huawei Versatile Routing Platform Software\nVRP (R) software, Version 5.170 (S5720 V200R010C00SPC600)\nCopyright (C) 2000-2016 HUAWEI TECH CO., LTD\nHUAWEI S5720-28X-PWR-LI-AC Routing Switch uptime is 8 weeks, 4 days, 1 hour, 28 minutes\n\nES5D2V28S008 0(Master)  : uptime is 8 weeks, 4 days, 1 hour, 27 minutes\nDDR    Memory Size      : 512        M bytes\nFLASH  Memory Size      : 238        M bytes\nPcb           Version   : VER.A\nBootROM       Version   : 020a.0001\nBootLoad      Version   : 020a.0001\nCPLD          Version   : 0106 \nSoftware      Version   : VRP (R) Software, Version 5.170 (V200R010C00SPC600)"
    ], 
    "stdout_lines": [
        [
            "sysname SK-SW2-ACCESS-24"
        ], 
        [
            "Huawei Versatile Routing Platform Software", 
            "VRP (R) software, Version 5.170 (S5720 V200R010C00SPC600)", 
            "Copyright (C) 2000-2016 HUAWEI TECH CO., LTD", 
            "HUAWEI S5720-28X-PWR-LI-AC Routing Switch uptime is 8 weeks, 4 days, 1 hour, 28 minutes", 
            "", 
            "ES5D2V28S008 0(Master)  : uptime is 8 weeks, 4 days, 1 hour, 27 minutes", 
            "DDR    Memory Size      : 512        M bytes", 
            "FLASH  Memory Size      : 238        M bytes", 
            "Pcb           Version   : VER.A", 
            "BootROM       Version   : 020a.0001", 
            "BootLoad      Version   : 020a.0001", 
            "CPLD          Version   : 0106 ", 
            "Software      Version   : VRP (R) Software, Version 5.170 (V200R010C00SPC600)"
        ]
    ]
}
{
    "changed": false, 
    "deprecations": [
        {
            "msg": "Param 'transport' is deprecated. See the module docs for more information", 
            "version": 2.9
        }
    ], 
    "failed": false, 
    "stdout": [
        "sysname SK-SW1-ACCESS-24", 
        "Huawei Versatile Routing Platform Software\nVRP (R) software, Version 5.170 (S5720 V200R010C00SPC600)\nCopyright (C) 2000-2016 HUAWEI TECH CO., LTD\nHUAWEI S5720-28X-PWR-LI-AC Routing Switch uptime is 9 weeks, 4 days, 22 hours, 58 minutes\n\nES5D2V28S008 0(Master)  : uptime is 9 weeks, 4 days, 22 hours, 57 minutes\nDDR    Memory Size      : 512        M bytes\nFLASH  Memory Size      : 238        M bytes\nPcb           Version   : VER.A\nBootROM       Version   : 020a.0001\nBootLoad      Version   : 020a.0001\nCPLD          Version   : 0106 \nSoftware      Version   : VRP (R) Software, Version 5.170 (V200R010C00SPC600)"
    ], 
    "stdout_lines": [
        [
            "sysname SK-SW1-ACCESS-24"
        ], 
        [
            "Huawei Versatile Routing Platform Software", 
            "VRP (R) software, Version 5.170 (S5720 V200R010C00SPC600)", 
            "Copyright (C) 2000-2016 HUAWEI TECH CO., LTD", 
            "HUAWEI S5720-28X-PWR-LI-AC Routing Switch uptime is 9 weeks, 4 days, 22 hours, 58 minutes", 
            "", 
            "ES5D2V28S008 0(Master)  : uptime is 9 weeks, 4 days, 22 hours, 57 minutes", 
            "DDR    Memory Size      : 512        M bytes", 
            "FLASH  Memory Size      : 238        M bytes", 
            "Pcb           Version   : VER.A", 
            "BootROM       Version   : 020a.0001", 
            "BootLoad      Version   : 020a.0001", 
            "CPLD          Version   : 0106 ", 
            "Software      Version   : VRP (R) Software, Version 5.170 (V200R010C00SPC600)"
        ]
    ]
}
{
    "changed": false, 
    "deprecations": [
        {
            "msg": "Param 'transport' is deprecated. See the module docs for more information", 
            "version": 2.9
        }
    ], 
    "failed": false, 
    "stdout": [
        "sysname SK-SW4-ACCESS-24", 
        "Huawei Versatile Routing Platform Software\nVRP (R) software, Version 5.170 (S5720 V200R010C00SPC600)\nCopyright (C) 2000-2016 HUAWEI TECH CO., LTD\nHUAWEI S5720-28X-PWR-LI-AC Routing Switch uptime is 7 weeks, 5 days, 0 hour, 43 minutes\n\nES5D2V28S008 0(Master)  : uptime is 7 weeks, 5 days, 0 hour, 42 minutes\nDDR    Memory Size      : 512        M bytes\nFLASH  Memory Size      : 238        M bytes\nPcb           Version   : VER.A\nBootROM       Version   : 020a.0001\nBootLoad      Version   : 020a.0001\nCPLD          Version   : 0106 \nSoftware      Version   : VRP (R) Software, Version 5.170 (V200R010C00SPC600)"
    ], 
    "stdout_lines": [
        [
            "sysname SK-SW4-ACCESS-24"
        ], 
        [
            "Huawei Versatile Routing Platform Software", 
            "VRP (R) software, Version 5.170 (S5720 V200R010C00SPC600)", 
            "Copyright (C) 2000-2016 HUAWEI TECH CO., LTD", 
            "HUAWEI S5720-28X-PWR-LI-AC Routing Switch uptime is 7 weeks, 5 days, 0 hour, 43 minutes", 
            "", 
            "ES5D2V28S008 0(Master)  : uptime is 7 weeks, 5 days, 0 hour, 42 minutes", 
            "DDR    Memory Size      : 512        M bytes", 
            "FLASH  Memory Size      : 238        M bytes", 
            "Pcb           Version   : VER.A", 
            "BootROM       Version   : 020a.0001", 
            "BootLoad      Version   : 020a.0001", 
            "CPLD          Version   : 0106 ", 
            "Software      Version   : VRP (R) Software, Version 5.170 (V200R010C00SPC600)"
        ]
    ]
}
{
    "changed": false, 
    "deprecations": [
        {
            "msg": "Param 'transport' is deprecated. See the module docs for more information", 
            "version": 2.9
        }
    ], 
    "failed": false, 
    "stdout": [
        "sysname SK-SW3-ACCESS-24", 
        "Huawei Versatile Routing Platform Software\nVRP (R) software, Version 5.170 (S5720 V200R010C00SPC600)\nCopyright (C) 2000-2016 HUAWEI TECH CO., LTD\nHUAWEI S5720-28X-PWR-LI-AC Routing Switch uptime is 7 weeks, 5 days, 3 hours, 8 minutes\n\nES5D2V28S008 0(Master)  : uptime is 7 weeks, 5 days, 3 hours, 7 minutes\nDDR    Memory Size      : 512        M bytes\nFLASH  Memory Size      : 238        M bytes\nPcb           Version   : VER.A\nBootROM       Version   : 020a.0001\nBootLoad      Version   : 020a.0001\nCPLD          Version   : 0106 \nSoftware      Version   : VRP (R) Software, Version 5.170 (V200R010C00SPC600)"
    ], 
    "stdout_lines": [
        [
            "sysname SK-SW3-ACCESS-24"
        ], 
        [
            "Huawei Versatile Routing Platform Software", 
            "VRP (R) software, Version 5.170 (S5720 V200R010C00SPC600)", 
            "Copyright (C) 2000-2016 HUAWEI TECH CO., LTD", 
            "HUAWEI S5720-28X-PWR-LI-AC Routing Switch uptime is 7 weeks, 5 days, 3 hours, 8 minutes", 
            "", 
            "ES5D2V28S008 0(Master)  : uptime is 7 weeks, 5 days, 3 hours, 7 minutes", 
            "DDR    Memory Size      : 512        M bytes", 
            "FLASH  Memory Size      : 238        M bytes", 
            "Pcb           Version   : VER.A", 
            "BootROM       Version   : 020a.0001", 
            "BootLoad      Version   : 020a.0001", 
            "CPLD          Version   : 0106 ", 
            "Software      Version   : VRP (R) Software, Version 5.170 (V200R010C00SPC600)"
        ]
    ]
}
{
    "failed": true, 
    "msg": "timed out"
}
{
    "failed": true, 
    "msg": "timed out"
}
{
    "changed": false, 
    "deprecations": [
        {
            "msg": "Param 'transport' is deprecated. See the module docs for more information", 
            "version": 2.9
        }
    ], 
    "failed": false, 
    "stdout": [
        "sysname SK-SW7-ACCESS-24", 
        "Huawei Versatile Routing Platform Software\nVRP (R) software, Version 5.170 (S5720 V200R010C00SPC600)\nCopyright (C) 2000-2016 HUAWEI TECH CO., LTD\nHUAWEI S5720-28X-PWR-LI-AC Routing Switch uptime is 5 weeks, 5 days, 23 hours, 50 minutes\n\nES5D2V28S008 0(Master)  : uptime is 5 weeks, 5 days, 23 hours, 50 minutes\nDDR    Memory Size      : 512        M bytes\nFLASH  Memory Size      : 238        M bytes\nPcb           Version   : VER.A\nBootROM       Version   : 020a.0001\nBootLoad      Version   : 020a.0001\nCPLD          Version   : 0106 \nSoftware      Version   : VRP (R) Software, Version 5.170 (V200R010C00SPC600)"
    ], 
    "stdout_lines": [
        [
            "sysname SK-SW7-ACCESS-24"
        ], 
        [
            "Huawei Versatile Routing Platform Software", 
            "VRP (R) software, Version 5.170 (S5720 V200R010C00SPC600)", 
            "Copyright (C) 2000-2016 HUAWEI TECH CO., LTD", 
            "HUAWEI S5720-28X-PWR-LI-AC Routing Switch uptime is 5 weeks, 5 days, 23 hours, 50 minutes", 
            "", 
            "ES5D2V28S008 0(Master)  : uptime is 5 weeks, 5 days, 23 hours, 50 minutes", 
            "DDR    Memory Size      : 512        M bytes", 
            "FLASH  Memory Size      : 238        M bytes", 
            "Pcb           Version   : VER.A", 
            "BootROM       Version   : 020a.0001", 
            "BootLoad      Version   : 020a.0001", 
            "CPLD          Version   : 0106 ", 
            "Software      Version   : VRP (R) Software, Version 5.170 (V200R010C00SPC600)"
        ]
    ]
}
{
    "changed": false, 
    "deprecations": [
        {
            "msg": "Param 'transport' is deprecated. See the module docs for more information", 
            "version": 2.9
        }
    ], 
    "failed": false, 
    "stdout": [
        "sysname SK-SW8-ACCESS-24", 
        "Huawei Versatile Routing Platform Software\nVRP (R) software, Version 5.170 (S5720 V200R010C00SPC600)\nCopyright (C) 2000-2016 HUAWEI TECH CO., LTD\nHUAWEI S5720-28X-PWR-LI-AC Routing Switch uptime is 5 weeks, 5 days, 3 hours, 47 minutes\n\nES5D2V28S008 0(Master)  : uptime is 5 weeks, 5 days, 3 hours, 46 minutes\nDDR    Memory Size      : 512        M bytes\nFLASH  Memory Size      : 238        M bytes\nPcb           Version   : VER.A\nBootROM       Version   : 020a.0001\nBootLoad      Version   : 020a.0001\nCPLD          Version   : 0106 \nSoftware      Version   : VRP (R) Software, Version 5.170 (V200R010C00SPC600)"
    ], 
    "stdout_lines": [
        [
            "sysname SK-SW8-ACCESS-24"
        ], 
        [
            "Huawei Versatile Routing Platform Software", 
            "VRP (R) software, Version 5.170 (S5720 V200R010C00SPC600)", 
            "Copyright (C) 2000-2016 HUAWEI TECH CO., LTD", 
            "HUAWEI S5720-28X-PWR-LI-AC Routing Switch uptime is 5 weeks, 5 days, 3 hours, 47 minutes", 
            "", 
            "ES5D2V28S008 0(Master)  : uptime is 5 weeks, 5 days, 3 hours, 46 minutes", 
            "DDR    Memory Size      : 512        M bytes", 
            "FLASH  Memory Size      : 238        M bytes", 
            "Pcb           Version   : VER.A", 
            "BootROM       Version   : 020a.0001", 
            "BootLoad      Version   : 020a.0001", 
            "CPLD          Version   : 0106 ", 
            "Software      Version   : VRP (R) Software, Version 5.170 (V200R010C00SPC600)"
        ]
    ]
}
{
    "changed": false, 
    "deprecations": [
        {
            "msg": "Param 'transport' is deprecated. See the module docs for more information", 
            "version": 2.9
        }
    ], 
    "failed": false, 
    "stdout": [
        "sysname SK-SW9-ACCESS-24", 
        "Huawei Versatile Routing Platform Software\nVRP (R) software, Version 5.170 (S5720 V200R010C00SPC600)\nCopyright (C) 2000-2016 HUAWEI TECH CO., LTD\nHUAWEI S5720-28X-PWR-LI-AC Routing Switch uptime is 5 weeks, 5 days, 3 hours, 45 minutes\n\nES5D2V28S008 0(Master)  : uptime is 5 weeks, 5 days, 3 hours, 44 minutes\nDDR    Memory Size      : 512        M bytes\nFLASH  Memory Size      : 238        M bytes\nPcb           Version   : VER.A\nBootROM       Version   : 020a.0001\nBootLoad      Version   : 020a.0001\nCPLD          Version   : 0106 \nSoftware      Version   : VRP (R) Software, Version 5.170 (V200R010C00SPC600)"
    ], 
    "stdout_lines": [
        [
            "sysname SK-SW9-ACCESS-24"
        ], 
        [
            "Huawei Versatile Routing Platform Software", 
            "VRP (R) software, Version 5.170 (S5720 V200R010C00SPC600)", 
            "Copyright (C) 2000-2016 HUAWEI TECH CO., LTD", 
            "HUAWEI S5720-28X-PWR-LI-AC Routing Switch uptime is 5 weeks, 5 days, 3 hours, 45 minutes", 
            "", 
            "ES5D2V28S008 0(Master)  : uptime is 5 weeks, 5 days, 3 hours, 44 minutes", 
            "DDR    Memory Size      : 512        M bytes", 
            "FLASH  Memory Size      : 238        M bytes", 
            "Pcb           Version   : VER.A", 
            "BootROM       Version   : 020a.0001", 
            "BootLoad      Version   : 020a.0001", 
            "CPLD          Version   : 0106 ", 
            "Software      Version   : VRP (R) Software, Version 5.170 (V200R010C00SPC600)"
        ]
    ]
}
{
    "changed": false, 
    "deprecations": [
        {
            "msg": "Param 'transport' is deprecated. See the module docs for more information", 
            "version": 2.9
        }
    ], 
    "failed": false, 
    "stdout": [
        "sysname SK-SW11-ACCESS-24", 
        "Huawei Versatile Routing Platform Software\nVRP (R) software, Version 5.170 (S5720 V200R010C00SPC600)\nCopyright (C) 2000-2016 HUAWEI TECH CO., LTD\nHUAWEI S5720-28X-PWR-LI-AC Routing Switch uptime is 0 week, 0 day, 1 hour, 37 minutes\n\nES5D2V28S008 0(Master)  : uptime is 0 week, 0 day, 1 hour, 36 minutes\nDDR    Memory Size      : 512        M bytes\nFLASH  Memory Size      : 238        M bytes\nPcb           Version   : VER.A\nBootROM       Version   : 020a.0001\nBootLoad      Version   : 020a.0001\nCPLD          Version   : 0106 \nSoftware      Version   : VRP (R) Software, Version 5.170 (V200R010C00SPC600)"
    ], 
    "stdout_lines": [
        [
            "sysname SK-SW11-ACCESS-24"
        ], 
        [
            "Huawei Versatile Routing Platform Software", 
            "VRP (R) software, Version 5.170 (S5720 V200R010C00SPC600)", 
            "Copyright (C) 2000-2016 HUAWEI TECH CO., LTD", 
            "HUAWEI S5720-28X-PWR-LI-AC Routing Switch uptime is 0 week, 0 day, 1 hour, 37 minutes", 
            "", 
            "ES5D2V28S008 0(Master)  : uptime is 0 week, 0 day, 1 hour, 36 minutes", 
            "DDR    Memory Size      : 512        M bytes", 
            "FLASH  Memory Size      : 238        M bytes", 
            "Pcb           Version   : VER.A", 
            "BootROM       Version   : 020a.0001", 
            "BootLoad      Version   : 020a.0001", 
            "CPLD          Version   : 0106 ", 
            "Software      Version   : VRP (R) Software, Version 5.170 (V200R010C00SPC600)"
        ]
    ]
}
{
    "changed": false, 
    "deprecations": [
        {
            "msg": "Param 'transport' is deprecated. See the module docs for more information", 
            "version": 2.9
        }
    ], 
    "failed": false, 
    "stdout": [
        "sysname SK-SW10-ACCESS-24", 
        "Huawei Versatile Routing Platform Software\nVRP (R) software, Version 5.170 (S5720 V200R010C00SPC600)\nCopyright (C) 2000-2016 HUAWEI TECH CO., LTD\nHUAWEI S5720-28X-PWR-LI-AC Routing Switch uptime is 5 weeks, 0 day, 23 hours, 20 minutes\n\nES5D2V28S008 0(Master)  : uptime is 5 weeks, 0 day, 23 hours, 19 minutes\nDDR    Memory Size      : 512        M bytes\nFLASH  Memory Size      : 238        M bytes\nPcb           Version   : VER.A\nBootROM       Version   : 020a.0001\nBootLoad      Version   : 020a.0001\nCPLD          Version   : 0106 \nSoftware      Version   : VRP (R) Software, Version 5.170 (V200R010C00SPC600)"
    ], 
    "stdout_lines": [
        [
            "sysname SK-SW10-ACCESS-24"
        ], 
        [
            "Huawei Versatile Routing Platform Software", 
            "VRP (R) software, Version 5.170 (S5720 V200R010C00SPC600)", 
            "Copyright (C) 2000-2016 HUAWEI TECH CO., LTD", 
            "HUAWEI S5720-28X-PWR-LI-AC Routing Switch uptime is 5 weeks, 0 day, 23 hours, 20 minutes", 
            "", 
            "ES5D2V28S008 0(Master)  : uptime is 5 weeks, 0 day, 23 hours, 19 minutes", 
            "DDR    Memory Size      : 512        M bytes", 
            "FLASH  Memory Size      : 238        M bytes", 
            "Pcb           Version   : VER.A", 
            "BootROM       Version   : 020a.0001", 
            "BootLoad      Version   : 020a.0001", 
            "CPLD          Version   : 0106 ", 
            "Software      Version   : VRP (R) Software, Version 5.170 (V200R010C00SPC600)"
        ]
    ]
}
{
    "failed": true, 
    "msg": "timed out"
}
{
    "changed": false, 
    "deprecations": [
        {
            "msg": "Param 'transport' is deprecated. See the module docs for more information", 
            "version": 2.9
        }
    ], 
    "failed": false, 
    "stdout": [
        "sysname SK-SW13-ACCESS-24", 
        "Huawei Versatile Routing Platform Software\nVRP (R) software, Version 5.170 (S5720 V200R010C00SPC600)\nCopyright (C) 2000-2016 HUAWEI TECH CO., LTD\nHUAWEI S5720-28X-PWR-LI-AC Routing Switch uptime is 6 weeks, 5 days, 0 hour, 16 minutes\n\nES5D2V28S008 0(Master)  : uptime is 6 weeks, 5 days, 0 hour, 15 minutes\nDDR    Memory Size      : 512        M bytes\nFLASH  Memory Size      : 238        M bytes\nPcb           Version   : VER.A\nBootROM       Version   : 020a.0001\nBootLoad      Version   : 020a.0001\nCPLD          Version   : 0106 \nSoftware      Version   : VRP (R) Software, Version 5.170 (V200R010C00SPC600)"
    ], 
    "stdout_lines": [
        [
            "sysname SK-SW13-ACCESS-24"
        ], 
        [
            "Huawei Versatile Routing Platform Software", 
            "VRP (R) software, Version 5.170 (S5720 V200R010C00SPC600)", 
            "Copyright (C) 2000-2016 HUAWEI TECH CO., LTD", 
            "HUAWEI S5720-28X-PWR-LI-AC Routing Switch uptime is 6 weeks, 5 days, 0 hour, 16 minutes", 
            "", 
            "ES5D2V28S008 0(Master)  : uptime is 6 weeks, 5 days, 0 hour, 15 minutes", 
            "DDR    Memory Size      : 512        M bytes", 
            "FLASH  Memory Size      : 238        M bytes", 
            "Pcb           Version   : VER.A", 
            "BootROM       Version   : 020a.0001", 
            "BootLoad      Version   : 020a.0001", 
            "CPLD          Version   : 0106 ", 
            "Software      Version   : VRP (R) Software, Version 5.170 (V200R010C00SPC600)"
        ]
    ]
}
{
    "changed": false, 
    "deprecations": [
        {
            "msg": "Param 'transport' is deprecated. See the module docs for more information", 
            "version": 2.9
        }
    ], 
    "failed": false, 
    "stdout": [
        "sysname SK-SW14-ACCESS-24", 
        "Huawei Versatile Routing Platform Software\nVRP (R) software, Version 5.170 (S5720 V200R010C00SPC600)\nCopyright (C) 2000-2016 HUAWEI TECH CO., LTD\nHUAWEI S5720-28X-PWR-LI-AC Routing Switch uptime is 6 weeks, 5 days, 0 hour, 13 minutes\n\nES5D2V28S008 0(Master)  : uptime is 6 weeks, 5 days, 0 hour, 12 minutes\nDDR    Memory Size      : 512        M bytes\nFLASH  Memory Size      : 238        M bytes\nPcb           Version   : VER.A\nBootROM       Version   : 020a.0001\nBootLoad      Version   : 020a.0001\nCPLD          Version   : 0106 \nSoftware      Version   : VRP (R) Software, Version 5.170 (V200R010C00SPC600)"
    ], 
    "stdout_lines": [
        [
            "sysname SK-SW14-ACCESS-24"
        ], 
        [
            "Huawei Versatile Routing Platform Software", 
            "VRP (R) software, Version 5.170 (S5720 V200R010C00SPC600)", 
            "Copyright (C) 2000-2016 HUAWEI TECH CO., LTD", 
            "HUAWEI S5720-28X-PWR-LI-AC Routing Switch uptime is 6 weeks, 5 days, 0 hour, 13 minutes", 
            "", 
            "ES5D2V28S008 0(Master)  : uptime is 6 weeks, 5 days, 0 hour, 12 minutes", 
            "DDR    Memory Size      : 512        M bytes", 
            "FLASH  Memory Size      : 238        M bytes", 
            "Pcb           Version   : VER.A", 
            "BootROM       Version   : 020a.0001", 
            "BootLoad      Version   : 020a.0001", 
            "CPLD          Version   : 0106 ", 
            "Software      Version   : VRP (R) Software, Version 5.170 (V200R010C00SPC600)"
        ]
    ]
}
{
    "changed": false, 
    "deprecations": [
        {
            "msg": "Param 'transport' is deprecated. See the module docs for more information", 
            "version": 2.9
        }
    ], 
    "failed": false, 
    "stdout": [
        "sysname SK-SW15-ACCESS-12", 
        "Huawei Versatile Routing Platform Software\nVRP (R) software, Version 5.170 (S5720 V200R010C00SPC600)\nCopyright (C) 2000-2016 HUAWEI TECH CO., LTD\nHUAWEI S5720-12TP-PWR-LI-AC Routing Switch uptime is 0 week, 0 day, 0 hour, 17 minutes\n\nES5D2V12S000 0(Master)  : uptime is 0 week, 0 day, 0 hour, 16 minutes\nDDR    Memory Size      : 512        M bytes\nFLASH  Memory Size      : 241        M bytes\nPcb           Version   : VER.B\nBootROM       Version   : 020a.0001\nBootLoad      Version   : 020a.0001\nSoftware      Version   : VRP (R) Software, Version 5.170 (V200R010C00SPC600)"
    ], 
    "stdout_lines": [
        [
            "sysname SK-SW15-ACCESS-12"
        ], 
        [
            "Huawei Versatile Routing Platform Software", 
            "VRP (R) software, Version 5.170 (S5720 V200R010C00SPC600)", 
            "Copyright (C) 2000-2016 HUAWEI TECH CO., LTD", 
            "HUAWEI S5720-12TP-PWR-LI-AC Routing Switch uptime is 0 week, 0 day, 0 hour, 17 minutes", 
            "", 
            "ES5D2V12S000 0(Master)  : uptime is 0 week, 0 day, 0 hour, 16 minutes", 
            "DDR    Memory Size      : 512        M bytes", 
            "FLASH  Memory Size      : 241        M bytes", 
            "Pcb           Version   : VER.B", 
            "BootROM       Version   : 020a.0001", 
            "BootLoad      Version   : 020a.0001", 
            "Software      Version   : VRP (R) Software, Version 5.170 (V200R010C00SPC600)"
        ]
    ]
}
{
    "changed": false, 
    "deprecations": [
        {
            "msg": "Param 'transport' is deprecated. See the module docs for more information", 
            "version": 2.9
        }
    ], 
    "failed": false, 
    "stdout": [
        "sysname SK-SW17-ACCESS-12", 
        "Huawei Versatile Routing Platform Software\nVRP (R) software, Version 5.170 (S5720 V200R010C00SPC600)\nCopyright (C) 2000-2016 HUAWEI TECH CO., LTD\nHUAWEI S5720-12TP-PWR-LI-AC Routing Switch uptime is 6 weeks, 5 days, 0 hour, 16 minutes\n\nES5D2V12S000 0(Master)  : uptime is 6 weeks, 5 days, 0 hour, 15 minutes\nDDR    Memory Size      : 512        M bytes\nFLASH  Memory Size      : 241        M bytes\nPcb           Version   : VER.B\nBootROM       Version   : 020a.0001\nBootLoad      Version   : 020a.0001\nSoftware      Version   : VRP (R) Software, Version 5.170 (V200R010C00SPC600)"
    ], 
    "stdout_lines": [
        [
            "sysname SK-SW17-ACCESS-12"
        ], 
        [
            "Huawei Versatile Routing Platform Software", 
            "VRP (R) software, Version 5.170 (S5720 V200R010C00SPC600)", 
            "Copyright (C) 2000-2016 HUAWEI TECH CO., LTD", 
            "HUAWEI S5720-12TP-PWR-LI-AC Routing Switch uptime is 6 weeks, 5 days, 0 hour, 16 minutes", 
            "", 
            "ES5D2V12S000 0(Master)  : uptime is 6 weeks, 5 days, 0 hour, 15 minutes", 
            "DDR    Memory Size      : 512        M bytes", 
            "FLASH  Memory Size      : 241        M bytes", 
            "Pcb           Version   : VER.B", 
            "BootROM       Version   : 020a.0001", 
            "BootLoad      Version   : 020a.0001", 
            "Software      Version   : VRP (R) Software, Version 5.170 (V200R010C00SPC600)"
        ]
    ]
}
{
    "changed": false, 
    "deprecations": [
        {
            "msg": "Param 'transport' is deprecated. See the module docs for more information", 
            "version": 2.9
        }
    ], 
    "failed": false, 
    "stdout": [
        "sysname SK-SW18-ACCESS-12", 
        "Huawei Versatile Routing Platform Software\nVRP (R) software, Version 5.170 (S5720 V200R010C00SPC600)\nCopyright (C) 2000-2016 HUAWEI TECH CO., LTD\nHUAWEI S5720-12TP-PWR-LI-AC Routing Switch uptime is 6 weeks, 4 days, 1 hour, 39 minutes\n\nES5D2V12S000 0(Master)  : uptime is 6 weeks, 4 days, 1 hour, 38 minutes\nDDR    Memory Size      : 512        M bytes\nFLASH  Memory Size      : 241        M bytes\nPcb           Version   : VER.B\nBootROM       Version   : 020a.0001\nBootLoad      Version   : 020a.0001\nSoftware      Version   : VRP (R) Software, Version 5.170 (V200R010C00SPC600)"
    ], 
    "stdout_lines": [
        [
            "sysname SK-SW18-ACCESS-12"
        ], 
        [
            "Huawei Versatile Routing Platform Software", 
            "VRP (R) software, Version 5.170 (S5720 V200R010C00SPC600)", 
            "Copyright (C) 2000-2016 HUAWEI TECH CO., LTD", 
            "HUAWEI S5720-12TP-PWR-LI-AC Routing Switch uptime is 6 weeks, 4 days, 1 hour, 39 minutes", 
            "", 
            "ES5D2V12S000 0(Master)  : uptime is 6 weeks, 4 days, 1 hour, 38 minutes", 
            "DDR    Memory Size      : 512        M bytes", 
            "FLASH  Memory Size      : 241        M bytes", 
            "Pcb           Version   : VER.B", 
            "BootROM       Version   : 020a.0001", 
            "BootLoad      Version   : 020a.0001", 
            "Software      Version   : VRP (R) Software, Version 5.170 (V200R010C00SPC600)"
        ]
    ]
}
{
    "failed": true, 
    "msg": "timed out"
}
{
    "changed": false, 
    "deprecations": [
        {
            "msg": "Param 'transport' is deprecated. See the module docs for more information", 
            "version": 2.9
        }
    ], 
    "failed": false, 
    "stdout": [
        "sysname SK-SW20-ACCESS-48", 
        "Huawei Versatile Routing Platform Software\nVRP (R) software, Version 5.170 (S5720 V200R010C00SPC600)\nCopyright (C) 2000-2016 HUAWEI TECH CO., LTD\nHUAWEI S5720-52X-PWR-LI-AC Routing Switch uptime is 5 weeks, 6 days, 2 hours, 6 minutes\n\nES5D2V52S007 0(Master)  : uptime is 5 weeks, 6 days, 2 hours, 5 minutes\nDDR    Memory Size      : 512        M bytes\nFLASH  Memory Size      : 238        M bytes\nPcb           Version   : VER.E\nBootROM       Version   : 020a.0001\nBootLoad      Version   : 020a.0001\nCPLD          Version   : 0106 \nSoftware      Version   : VRP (R) Software, Version 5.170 (V200R010C00SPC600)"
    ], 
    "stdout_lines": [
        [
            "sysname SK-SW20-ACCESS-48"
        ], 
        [
            "Huawei Versatile Routing Platform Software", 
            "VRP (R) software, Version 5.170 (S5720 V200R010C00SPC600)", 
            "Copyright (C) 2000-2016 HUAWEI TECH CO., LTD", 
            "HUAWEI S5720-52X-PWR-LI-AC Routing Switch uptime is 5 weeks, 6 days, 2 hours, 6 minutes", 
            "", 
            "ES5D2V52S007 0(Master)  : uptime is 5 weeks, 6 days, 2 hours, 5 minutes", 
            "DDR    Memory Size      : 512        M bytes", 
            "FLASH  Memory Size      : 238        M bytes", 
            "Pcb           Version   : VER.E", 
            "BootROM       Version   : 020a.0001", 
            "BootLoad      Version   : 020a.0001", 
            "CPLD          Version   : 0106 ", 
            "Software      Version   : VRP (R) Software, Version 5.170 (V200R010C00SPC600)"
        ]
    ]
}
{
    "changed": false, 
    "deprecations": [
        {
            "msg": "Param 'transport' is deprecated. See the module docs for more information", 
            "version": 2.9
        }
    ], 
    "failed": false, 
    "stdout": [
        "sysname SK-SW21-ACCESS-48", 
        "Huawei Versatile Routing Platform Software\nVRP (R) software, Version 5.170 (S5720 V200R010C00SPC600)\nCopyright (C) 2000-2016 HUAWEI TECH CO., LTD\nHUAWEI S5720-52X-PWR-LI-AC Routing Switch uptime is 5 weeks, 5 days, 6 hours, 43 minutes\n\nES5D2V52S007 0(Master)  : uptime is 5 weeks, 5 days, 6 hours, 42 minutes\nDDR    Memory Size      : 512        M bytes\nFLASH  Memory Size      : 238        M bytes\nPcb           Version   : VER.E\nBootROM       Version   : 020a.0001\nBootLoad      Version   : 020a.0001\nCPLD          Version   : 0106 \nSoftware      Version   : VRP (R) Software, Version 5.170 (V200R010C00SPC600)"
    ], 
    "stdout_lines": [
        [
            "sysname SK-SW21-ACCESS-48"
        ], 
        [
            "Huawei Versatile Routing Platform Software", 
            "VRP (R) software, Version 5.170 (S5720 V200R010C00SPC600)", 
            "Copyright (C) 2000-2016 HUAWEI TECH CO., LTD", 
            "HUAWEI S5720-52X-PWR-LI-AC Routing Switch uptime is 5 weeks, 5 days, 6 hours, 43 minutes", 
            "", 
            "ES5D2V52S007 0(Master)  : uptime is 5 weeks, 5 days, 6 hours, 42 minutes", 
            "DDR    Memory Size      : 512        M bytes", 
            "FLASH  Memory Size      : 238        M bytes", 
            "Pcb           Version   : VER.E", 
            "BootROM       Version   : 020a.0001", 
            "BootLoad      Version   : 020a.0001", 
            "CPLD          Version   : 0106 ", 
            "Software      Version   : VRP (R) Software, Version 5.170 (V200R010C00SPC600)"
        ]
    ]
}
{
    "failed": true, 
    "msg": "timed out"
}
